Лог от 24.09.2017 21:24:46

Всего создано: 
 - внутренних тегов 101
 - внешних тегов 105
 - сообщений 28
 - параметров Tag Logging 0
Уже существовало: 
 - тегов 0
 - сообщений 0

21:25:35: Работа главного цикла завершена


Лог от 07.10.2017 00:32:56

Всего создано: 
 - внутренних тегов 11015
 - внешних тегов 10534
 - сообщений 3148
 - параметров Tag Logging 0
Уже существовало: 
 - тегов 34
 - сообщений 0

01:54:03: Работа главного цикла завершена


Лог от 07.10.2017 00:32:56

Всего создано: 
 - внутренних тегов 11015
 - внешних тегов 10534
 - сообщений 3148
 - параметров Tag Logging 0
Уже существовало: 
 - тегов 34
 - сообщений 0
Архив D21_arhiveв TagLogging уже существует
Архив D22_arhiveв TagLogging уже существует
Всего создано: 
 - внутренних тегов 11015
 - внешних тегов 10534
 - сообщений 3148
 - параметров Tag Logging 0
Уже существовало: 
 - тегов 82
 - сообщений 2

02:01:28: Работа главного цикла завершена


Лог от 25.10.2017 23:43:46

Архив D12_arhiveв TagLogging уже существует
Всего создано: 
 - внутренних тегов 1159
 - внешних тегов 1088
 - сообщений 306
 - параметров Tag Logging 0
Уже существовало: 
 - тегов 58
 - сообщений 0

23:50:50: Работа главного цикла завершена


Лог от 01.04.2018 9:21:05

Архив D11_arhiveв TagLogging уже существует
Всего создано: 
 - внутренних тегов 14
 - внешних тегов 23
 - сообщений 1
 - параметров Tag Logging 0
Уже существовало: 
 - тегов 7
 - сообщений 0

9:21:24: Работа главного цикла завершена


Лог от 01.04.2018 10:30:35

Архив D11_arhiveв TagLogging уже существует
Архив D12_arhiveв TagLogging уже существует
Всего создано: 
 - внутренних тегов 126
 - внешних тегов 207
 - сообщений 9
 - параметров Tag Logging 0
Уже существовало: 
 - тегов 37
 - сообщений 1

10:31:41: Работа главного цикла завершена


Лог от 11.04.2018 0:18:46

Архив D11_arhiveв TagLogging уже существует
Архив D12_arhiveв TagLogging уже существует
Архив D21_arhiveв TagLogging уже существует
Архив D22_arhiveв TagLogging уже существует
Архив D23_arhiveв TagLogging уже существует
Архив D29_arhiveв TagLogging уже существует
Архив D30_arhiveв TagLogging уже существует
Архив D43_arhiveв TagLogging уже существует
Архив D51_arhiveв TagLogging уже существует
Архив D67_arhiveв TagLogging уже существует
Архив D72_arhiveв TagLogging уже существует
Архив D81_arhiveв TagLogging уже существует
Всего создано: 
 - внутренних тегов 462
 - внешних тегов 759
 - сообщений 28
 - параметров Tag Logging 0
Уже существовало: 
 - тегов 185
 - сообщений 10

0:22:52: Работа главного цикла завершена


Лог от 17.04.2018 23:04:50

Архив D12_arhiveв TagLogging уже существует
Всего создано: 
 - внутренних тегов 13
 - внешних тегов 8
 - сообщений 2
 - параметров Tag Logging 0
Уже существовало: 
 - тегов 0
 - сообщений 0

23:05:07: Работа главного цикла завершена


Лог от 17.04.2018 23:56:10

Архив CIP_1201_DT_arhiveв TagLogging уже существует
Архив CIP_1201_CTR_arhiveв TagLogging уже существует
Всего создано: 
 - внутренних тегов 0
 - внешних тегов 7
 - сообщений 29
 - параметров Tag Logging 0
Уже существовало: 
 - тегов 11
 - сообщений 4

23:56:30: Работа главного цикла завершена


Лог от 18.04.2018 0:04:14

Архив CIP_1201_arhiveв TagLogging уже существует
Всего создано: 
 - внутренних тегов 8
 - внешних тегов 4
 - сообщений 33
 - параметров Tag Logging 0
Уже существовало: 
 - тегов 6
 - сообщений 0

0:04:35: Работа главного цикла завершена


Лог от 19.04.2018 0:37:48

Всего создано: 
 - внутренних тегов 286
 - внешних тегов 38
 - сообщений 170
 - параметров Tag Logging 0
Уже существовало: 
 - тегов 0
 - сообщений 0

0:39:27: Работа главного цикла завершена


